---- Print started ---- 
File AdrianBrandvik_CardID6226.pdf was downloaded from astudent server and sent to printer 
Print queue: 
Number of print jobs enumerated 0
Date was 09.04.2019 16:17:39,60 
---- Print stopped ---- 
- 
---- Print started ---- 
File AdrianBrandvik_CardID6227.pdf was downloaded from astudent server and sent to printer 
Print queue: 
Number of print jobs enumerated 0
Date was 09.04.2019 16:17:40,30 
---- Print stopped ---- 
- 
---- Print started ---- 
File AdrianStausland_CardID6228.pdf was downloaded from astudent server and sent to printer 
Print queue: 
Number of print jobs enumerated 0
Date was 09.04.2019 16:17:40,94 
---- Print stopped ---- 
- 
---- Print started ---- 
File OliverTellnes_CardID6229.pdf was downloaded from astudent server and sent to printer 
Print queue: 
Number of print jobs enumerated 0
Date was 09.04.2019 16:37:40,70 
---- Print stopped ---- 
- 
---- Print started ---- 
File OliverTellnes_CardID6230.pdf was downloaded from astudent server and sent to printer 
Print queue: 
Number of print jobs enumerated 0
Date was 09.04.2019 16:46:05,11 
---- Print stopped ---- 
- 
---- Print started ---- 
File OliverTellnes_CardID6231.pdf was downloaded from astudent server and sent to printer 
Print queue: 
Number of print jobs enumerated 0
Date was 09.04.2019 17:00:01,60 
---- Print stopped ---- 
- 
---- Print started ---- 
File OliverTellnes_CardID6232.pdf was downloaded from astudent server and sent to printer 
Print queue: 
Number of print jobs enumerated 1
Date was 09.04.2019 18:19:54,85 
---- Print stopped ---- 
- 
---- Print started ---- 
File AdrianAdamski_CardID6233.pdf was downloaded from astudent server and sent to printer 
Print queue: 
Number of print jobs enumerated 2
Date was 09.04.2019 18:19:56,05 
---- Print stopped ---- 
- 
---- Print started ---- 
File EvenDrugli_CardID6234.pdf was downloaded from astudent server and sent to printer 
Print queue: 
Number of print jobs enumerated 1
Date was 09.04.2019 18:20:26,65 
---- Print stopped ---- 
- 
---- Print started ---- 
File OliverTellnes_CardID6235.pdf was downloaded from astudent server and sent to printer 
Print queue: 
Number of print jobs enumerated 1
Date was 09.04.2019 18:37:24,06 
---- Print stopped ---- 
- 
---- Print started ---- 
File AlfredSkodjeUrke_CardID6236.pdf was downloaded from astudent server and sent to printer 
Print queue: 
Number of print jobs enumerated 1
Date was 10.04.2019 12:00:42,82 
---- Print stopped ---- 
- 
---- Print started ---- 
File SimonSkarbÇ÷_CardID6237.pdf was downloaded from astudent server and sent to printer 
Print queue: 
Number of print jobs enumerated 1
Date was 10.04.2019 12:06:04,67 
---- Print stopped ---- 
- 
---- Print started ---- 
File OleJÇ÷rgenMarthinsen_CardID6238.pdf was downloaded from astudent server and sent to printer 
Print queue: 
Number of print jobs enumerated 1
Date was 10.04.2019 13:18:24,70 
---- Print stopped ---- 
- 
---- Print started ---- 
File HeleneStunes_CardID6239.pdf was downloaded from astudent server and sent to printer 
Print queue: 
Number of print jobs enumerated 1
Date was 10.04.2019 13:20:39,71 
---- Print stopped ---- 
- 
---- Print started ---- 
File JoseLuisArcilaPerez_CardID6240.pdf was downloaded from astudent server and sent to printer 
Print queue: 
Number of print jobs enumerated 1
Date was 11.04.2019 10:13:10,72 
---- Print stopped ---- 
- 
---- Print started ---- 
File AndreasFlaten_CardID6241.pdf was downloaded from astudent server and sent to printer 
Print queue: 
Number of print jobs enumerated 1
Date was 11.04.2019 12:07:41,74 
---- Print stopped ---- 
- 
---- Print started ---- 
File ErlendNydal_CardID6242.pdf was downloaded from astudent server and sent to printer 
Print queue: 
Number of print jobs enumerated 1
Date was 11.04.2019 12:10:22,66 
---- Print stopped ---- 
- 
---- Print started ---- 
File DinaMikkelsen_CardID6243.pdf was downloaded from astudent server and sent to printer 
Print queue: 
Number of print jobs enumerated 1
Date was 11.04.2019 22:20:11,74 
---- Print stopped ---- 
- 
---- Print started ---- 
File OddRoeSkare_CardID6244.pdf was downloaded from astudent server and sent to printer 
Print queue: 
Number of print jobs enumerated 1
Date was 12.04.2019 11:42:06,75 
---- Print stopped ---- 
- 
---- Print started ---- 
File VegardAlvestad_CardID6245.pdf was downloaded from astudent server and sent to printer 
Print queue: 
Number of print jobs enumerated 1
Date was 12.04.2019 12:22:23,92 
---- Print stopped ---- 
- 
---- Print started ---- 
File DenisSjÇ¾stad_CardID6246.pdf was downloaded from astudent server and sent to printer 
Print queue: 
Number of print jobs enumerated 1
Date was 12.04.2019 12:22:54,83 
---- Print stopped ---- 
- 
---- Print started ---- 
File CarolinaLabate_CardID6247.pdf was downloaded from astudent server and sent to printer 
Print queue: 
Number of print jobs enumerated 1
Date was 12.04.2019 13:17:51,76 
---- Print stopped ---- 
- 
---- Print started ---- 
File EliseSÇÝbÇ÷nes_CardID6248.pdf was downloaded from astudent server and sent to printer 
Print queue: 
Number of print jobs enumerated 1
Date was 12.04.2019 14:36:07,78 
---- Print stopped ---- 
- 
---- Print started ---- 
File KajaEiksund_CardID6249.pdf was downloaded from astudent server and sent to printer 
Print queue: 
Number of print jobs enumerated 1
Date was 12.04.2019 14:36:28,68 
---- Print stopped ---- 
- 
---- Print started ---- 
File VeronicaRafteseth_CardID6250.pdf was downloaded from astudent server and sent to printer 
Print queue: 
Number of print jobs enumerated 1
Date was 12.04.2019 14:39:44,69 
---- Print stopped ---- 
- 
---- Print started ---- 
File EmilieBreivikVeibust_CardID6251.pdf was downloaded from astudent server and sent to printer 
Print queue: 
Number of print jobs enumerated 1
Date was 12.04.2019 15:20:05,72 
---- Print stopped ---- 
- 
---- Print started ---- 
File MariusLyngvÇÝr_CardID6252.pdf was downloaded from astudent server and sent to printer 
Print queue: 
Number of print jobs enumerated 1
Date was 23.04.2019 10:35:41,73 
---- Print stopped ---- 
- 
---- Print started ---- 
File RomainAstarik_CardID6253.pdf was downloaded from astudent server and sent to printer 
Print queue: 
Number of print jobs enumerated 1
Date was 23.04.2019 10:41:28,75 
---- Print stopped ---- 
- 
---- Print started ---- 
File TorRubenLarsen_CardID6254.pdf was downloaded from astudent server and sent to printer 
Print queue: 
Number of print jobs enumerated 1
Date was 24.04.2019 15:10:38,71 
---- Print stopped ---- 
- 
---- Print started ---- 
File EliasSirnes_CardID6255.pdf was downloaded from astudent server and sent to printer 
Print queue: 
Number of print jobs enumerated 1
Date was 25.04.2019 10:06:36,73 
---- Print stopped ---- 
- 
---- Print started ---- 
File DidrikNilsen_CardID6256.pdf was downloaded from astudent server and sent to printer 
Print queue: 
Number of print jobs enumerated 1
Date was 25.04.2019 13:52:27,75 
---- Print stopped ---- 
- 
---- Print started ---- 
File HenrikKnudsenLie_CardID6257.pdf was downloaded from astudent server and sent to printer 
Print queue: 
Number of print jobs enumerated 1
Date was 25.04.2019 13:58:23,78 
---- Print stopped ---- 
- 
---- Print started ---- 
File LisaHjelvik_CardID6258.pdf was downloaded from astudent server and sent to printer 
Print queue: 
Number of print jobs enumerated 1
Date was 26.04.2019  8:28:58,70 
---- Print stopped ---- 
- 
---- Print started ---- 
File FridaBerggrund_CardID6259.pdf was downloaded from astudent server and sent to printer 
Print queue: 
Number of print jobs enumerated 1
Date was 29.04.2019  8:14:05,69 
---- Print stopped ---- 
- 
---- Print started ---- 
File Ç~yvindWilmannHeia_CardID6260.pdf was downloaded from astudent server and sent to printer 
Print queue: 
Number of print jobs enumerated 1
Date was 29.04.2019 13:36:58,77 
---- Print stopped ---- 
- 
---- Print started ---- 
File AstridNerhusDale_CardID6261.pdf was downloaded from astudent server and sent to printer 
Print queue: 
Number of print jobs enumerated 1
Date was 29.04.2019 15:36:35,77 
---- Print stopped ---- 
- 
---- Print started ---- 
File EvaIngerborgHusÇ÷y_CardID6262.pdf was downloaded from astudent server and sent to printer 
Print queue: 
Number of print jobs enumerated 1
Date was 30.04.2019 10:48:48,73 
---- Print stopped ---- 
- 
---- Print started ---- 
File CarolineLillebÇ÷_CardID6263.pdf was downloaded from astudent server and sent to printer 
Print queue: 
Number of print jobs enumerated 1
Date was 30.04.2019 10:58:24,75 
---- Print stopped ---- 
- 
---- Print started ---- 
File AnnaDjupvik_CardID6264.pdf was downloaded from astudent server and sent to printer 
Print queue: 
Number of print jobs enumerated 1
Date was 30.04.2019 10:58:35,72 
---- Print stopped ---- 
- 
---- Print started ---- 
File IngridSolbakken_CardID6265.pdf was downloaded from astudent server and sent to printer 
Print queue: 
Number of print jobs enumerated 1
Date was 30.04.2019 11:41:05,79 
---- Print stopped ---- 
- 
---- Print started ---- 
File DanielWestervik_CardID6266.pdf was downloaded from astudent server and sent to printer 
Print queue: 
Number of print jobs enumerated 1
Date was 30.04.2019 17:51:47,72 
---- Print stopped ---- 
- 
---- Print started ---- 
File JÇ÷rgenNielsen_CardID6267.pdf was downloaded from astudent server and sent to printer 
Print queue: 
Number of print jobs enumerated 1
Date was 02.05.2019 14:06:33,68 
---- Print stopped ---- 
- 
---- Print started ---- 
File JulieHauge_CardID6268.pdf was downloaded from astudent server and sent to printer 
Print queue: 
Number of print jobs enumerated 2
Date was 02.05.2019 14:06:43,66 
---- Print stopped ---- 
- 
---- Print started ---- 
File TomErikFlaaenDyb_CardID6269.pdf was downloaded from astudent server and sent to printer 
Print queue: 
Number of print jobs enumerated 1
Date was 03.05.2019 14:46:22,70 
---- Print stopped ---- 
- 
---- Print started ---- 
File CamillaRosalieSlinningSchjÇ÷lberg_CardID6270.pdf was downloaded from astudent server and sent to printer 
Print queue: 
Number of print jobs enumerated 1
Date was 03.05.2019 14:48:22,69 
---- Print stopped ---- 
- 
---- Print started ---- 
File KimiyaMohammadi_CardID6271.pdf was downloaded from astudent server and sent to printer 
Print queue: 
Number of print jobs enumerated 1
Date was 08.05.2019 13:50:21,75 
---- Print stopped ---- 
- 
---- Print started ---- 
File PiaPapas_CardID6272.pdf was downloaded from astudent server and sent to printer 
Print queue: 
Number of print jobs enumerated 1
Date was 15.05.2019 14:21:22,76 
---- Print stopped ---- 
- 
---- Print started ---- 
File NiklasSÇ÷vik_CardID6273.pdf was downloaded from astudent server and sent to printer 
Print queue: 
Number of print jobs enumerated 1
Date was 16.05.2019 17:10:36,76 
---- Print stopped ---- 
- 
---- Print started ---- 
File DanielGrÇ÷nhaug_CardID6274.pdf was downloaded from astudent server and sent to printer 
Print queue: 
Number of print jobs enumerated 1
Date was 21.05.2019 14:11:30,71 
---- Print stopped ---- 
- 
---- Print started ---- 
File JÇ÷rgenAleksanderSnekvik_CardID6275.pdf was downloaded from astudent server and sent to printer 
Print queue: 
Number of print jobs enumerated 1
Date was 22.05.2019 14:22:49,70 
---- Print stopped ---- 
- 
---- Print started ---- 
File JoachimHolmBarÇ÷_CardID6276.pdf was downloaded from astudent server and sent to printer 
Print queue: 
Number of print jobs enumerated 1
Date was 22.05.2019 14:23:55,68 
---- Print stopped ---- 
- 
---- Print started ---- 
File BÇ÷rgeSkarEriksen_CardID6277.pdf was downloaded from astudent server and sent to printer 
Print queue: 
Number of print jobs enumerated 1
Date was 31.05.2019 13:19:36,78 
---- Print stopped ---- 
- 
---- Print started ---- 
File BÇ÷rgeSkarEriksen_CardID6278.pdf was downloaded from astudent server and sent to printer 
Print queue: 
Number of print jobs enumerated 2
Date was 31.05.2019 14:53:53,77 
---- Print stopped ---- 
- 
---- Print started ---- 
File SimenBrandal_CardID6279.pdf was downloaded from astudent server and sent to printer 
Print queue: 
Number of print jobs enumerated 1
Date was 12.06.2019 21:51:17,70 
---- Print stopped ---- 
- 
---- Print started ---- 
File SaraFiskaaHaugen_CardID6280.pdf was downloaded from astudent server and sent to printer 
Print queue: 
Number of print jobs enumerated 1
Date was 12.06.2019 21:52:12,63 
---- Print stopped ---- 
- 
---- Print started ---- 
File EirikSesseng_CardID6281.pdf was downloaded from astudent server and sent to printer 
Print queue: 
Number of print jobs enumerated 1
Date was 12.06.2019 21:52:52,63 
---- Print stopped ---- 
- 
---- Print started ---- 
File PrebenVolle_CardID6282.pdf was downloaded from astudent server and sent to printer 
Print queue: 
Number of print jobs enumerated 1
Date was 12.06.2019 21:53:12,57 
---- Print stopped ---- 
- 
---- Print started ---- 
File JohannesLÇ÷voldJosefsen_CardID6283.pdf was downloaded from astudent server and sent to printer 
Print queue: 
Number of print jobs enumerated 1
Date was 12.06.2019 21:53:52,64 
---- Print stopped ---- 
- 
---- Print started ---- 
File SimenNesseWiik_CardID6284.pdf was downloaded from astudent server and sent to printer 
Print queue: 
Number of print jobs enumerated 1
Date was 13.06.2019 13:09:19,67 
---- Print stopped ---- 
- 
---- Print started ---- 
File MariusHÇ÷yerMelaas_CardID6285.pdf was downloaded from astudent server and sent to printer 
Print queue: 
Number of print jobs enumerated 1
Date was 13.06.2019 13:10:04,67 
---- Print stopped ---- 
- 
---- Print started ---- 
File JohnErikDahl_CardID6286.pdf was downloaded from astudent server and sent to printer 
Print queue: 
Number of print jobs enumerated 1
Date was 13.06.2019 13:10:29,66 
---- Print stopped ---- 
- 
---- Print started ---- 
File MateuszJedynak_CardID6287.pdf was downloaded from astudent server and sent to printer 
Print queue: 
Number of print jobs enumerated 1
Date was 13.06.2019 13:11:09,65 
---- Print stopped ---- 
- 
---- Print started ---- 
File JanErikHaraldsenLu_CardID6288.pdf was downloaded from astudent server and sent to printer 
Print queue: 
Number of print jobs enumerated 1
Date was 13.06.2019 13:11:49,65 
---- Print stopped ---- 
- 
---- Print started ---- 
File HansChristianHeggemsnes_CardID6289.pdf was downloaded from astudent server and sent to printer 
Print queue: 
Number of print jobs enumerated 1
Date was 13.06.2019 13:12:19,64 
---- Print stopped ---- 
- 
---- Print started ---- 
File TryggMeyerJohannessen_CardID6290.pdf was downloaded from astudent server and sent to printer 
Print queue: 
Number of print jobs enumerated 1
Date was 13.06.2019 13:12:54,67 
---- Print stopped ---- 
- 
---- Print started ---- 
File SanderAndrÇùHagseth_CardID6291.pdf was downloaded from astudent server and sent to printer 
Print queue: 
Number of print jobs enumerated 1
Date was 13.06.2019 13:23:59,74 
---- Print stopped ---- 
- 
---- Print started ---- 
File MarcusHolkestad_CardID6292.pdf was downloaded from astudent server and sent to printer 
Print queue: 
Number of print jobs enumerated 1
Date was 13.06.2019 14:01:55,68 
---- Print stopped ---- 
- 
